[debug] [2025-10-22T17:58:01.921Z] ----------------------------------------------------------------------
[debug] [2025-10-22T17:58:02.103Z] Command:       C:\Program Files\nodejs\node.exe C:\Users\krisb\AppData\Roaming\npm\node_modules\firebase-tools\lib\bin\firebase.js init
[debug] [2025-10-22T17:58:02.103Z] CLI Version:   14.20.0
[debug] [2025-10-22T17:58:02.103Z] Platform:      win32
[debug] [2025-10-22T17:58:02.104Z] Node Version:  v22.19.0
[debug] [2025-10-22T17:58:02.107Z] Time:          Wed Oct 22 2025 19:58:02 GMT+0200 (South Africa Standard Time)
[debug] [2025-10-22T17:58:02.107Z] ----------------------------------------------------------------------
[debug] 
[info] 
     ######## #### ########  ######## ########     ###     ######  ########
     ##        ##  ##     ## ##       ##     ##  ##   ##  ##       ##
     ######    ##  ########  ######   ########  #########  ######  ######
     ##        ##  ##    ##  ##       ##     ## ##     ##       ## ##
     ##       #### ##     ## ######## ########  ##     ##  ######  ########

You're about to initialize a Firebase project in this directory:

  C:\Users\krisb\Desktop\betting game

Before we get started, keep in mind:

  * You are initializing within an existing Firebase project directory

[info] 
=== Project Setup
[info] 
[info] First, let's associate this project directory with a Firebase project.
[info] You can create multiple project aliases by running firebase use --add, 
[info] 
[debug] [2025-10-22T17:59:20.815Z] > command requires scopes: ["email","openid","https://www.googleapis.com/auth/cloudplatformprojects.readonly","https://www.googleapis.com/auth/firebase","https://www.googleapis.com/auth/cloud-platform"]
[debug] [2025-10-22T17:59:20.815Z] > authorizing via signed-in user (innocentbenard079@gmail.com)
[debug] [2025-10-22T17:59:20.836Z] Checked if tokens are valid: false, expires at: 1761130009367
[debug] [2025-10-22T17:59:20.836Z] Checked if tokens are valid: false, expires at: 1761130009367
[debug] [2025-10-22T17:59:20.837Z] > refreshing access token with scopes: []
[debug] [2025-10-22T17:59:20.849Z] >>> [apiv2][query] POST https://www.googleapis.com/oauth2/v3/token [none]
[debug] [2025-10-22T17:59:20.849Z] >>> [apiv2][body] POST https://www.googleapis.com/oauth2/v3/token [omitted]
[debug] [2025-10-22T17:59:21.978Z] <<< [apiv2][status] POST https://www.googleapis.com/oauth2/v3/token 200
[debug] [2025-10-22T17:59:21.978Z] <<< [apiv2][body] POST https://www.googleapis.com/oauth2/v3/token [omitted]
[debug] [2025-10-22T17:59:22.014Z] >>> [apiv2][query] GET https://firebase.googleapis.com/v1beta1/projects/kris-tech [none]
[debug] [2025-10-22T17:59:22.817Z] <<< [apiv2][status] GET https://firebase.googleapis.com/v1beta1/projects/kris-tech 200
[debug] [2025-10-22T17:59:22.817Z] <<< [apiv2][body] GET https://firebase.googleapis.com/v1beta1/projects/kris-tech {"projectId":"kris-tech","projectNumber":"105383566272","displayName":"kris tech","name":"projects/kris-tech","resources":{"hostingSite":"kris-tech","realtimeDatabaseInstance":"kris-tech-default-rtdb"},"state":"ACTIVE","etag":"1_68b29e74-fc88-46b0-a41f-2d72982eb248"}
[info] i  Using project kris-tech (kris tech) . 
[info] 
=== Hosting Setup
[debug] [2025-10-22T17:59:23.535Z] Checked if tokens are valid: true, expires at: 1761159560979
[debug] [2025-10-22T17:59:23.536Z] Checked if tokens are valid: true, expires at: 1761159560979
[debug] [2025-10-22T17:59:23.536Z] >>> [apiv2][query] GET https://firebase.googleapis.com/v1beta1/projects/kris-tech [none]
[debug] [2025-10-22T17:59:23.969Z] <<< [apiv2][status] GET https://firebase.googleapis.com/v1beta1/projects/kris-tech 200
[debug] [2025-10-22T17:59:23.970Z] <<< [apiv2][body] GET https://firebase.googleapis.com/v1beta1/projects/kris-tech {"projectId":"kris-tech","projectNumber":"105383566272","displayName":"kris tech","name":"projects/kris-tech","resources":{"hostingSite":"kris-tech","realtimeDatabaseInstance":"kris-tech-default-rtdb"},"state":"ACTIVE","etag":"1_68b29e74-fc88-46b0-a41f-2d72982eb248"}
[info] 
[info] Your public directory is the folder (relative to your project directory) that
[info] will contain Hosting assets to be uploaded with firebase deploy. If you
[info] have a build process for your assets, use your build's output directory.
[info] 
[debug] [2025-10-22T18:00:02.552Z] >>> [apiv2][query] GET https://www.gstatic.com/firebasejs/releases.json [none]
[debug] [2025-10-22T18:00:03.068Z] <<< [apiv2][status] GET https://www.gstatic.com/firebasejs/releases.json 200
[debug] [2025-10-22T18:00:03.068Z] <<< [apiv2][body] GET https://www.gstatic.com/firebasejs/releases.json {"current":{"version":"12.4.0","browserURL":"https://www.gstatic.com/firebasejs/12.4.0/firebase.js","packageURL":"https://www.gstatic.com/firebasejs/12.4.0/firebase.tgz"},"live":{"version":"12.4","browserURL":"https://www.gstatic.com/firebasejs/live/12.4/firebase.js","packageURL":"https://www.gstatic.com/firebasejs/live/12.4/firebase.tgz"},"components":{"ai":"https://www.gstatic.com/firebasejs/12.4.0/firebase-ai.js","analytics":"https://www.gstatic.com/firebasejs/12.4.0/firebase-analytics.js","app":"https://www.gstatic.com/firebasejs/12.4.0/firebase-app.js","app-check":"https://www.gstatic.com/firebasejs/12.4.0/firebase-app-check.js","auth":"https://www.gstatic.com/firebasejs/12.4.0/firebase-auth.js","auth/cordova":"https://www.gstatic.com/firebasejs/12.4.0/firebase-auth/cordova.js","auth/web-extension":"https://www.gstatic.com/firebasejs/12.4.0/firebase-auth/web-extension.js","functions":"https://www.gstatic.com/firebasejs/12.4.0/firebase-functions.js","firestore":"https://www.gstatic.com/firebasejs/12.4.0/firebase-firestore.js","firestore/lite":"https://www.gstatic.com/firebasejs/12.4.0/firebase-firestore/lite.js","installations":"https://www.gstatic.com/firebasejs/12.4.0/firebase-installations.js","storage":"https://www.gstatic.com/firebasejs/12.4.0/firebase-storage.js","performance":"https://www.gstatic.com/firebasejs/12.4.0/firebase-performance.js","remote-config":"https://www.gstatic.com/firebasejs/12.4.0/firebase-remote-config.js","messaging":"https://www.gstatic.com/firebasejs/12.4.0/firebase-messaging.js","messaging/sw":"https://www.gstatic.com/firebasejs/12.4.0/firebase-messaging/sw.js","database":"https://www.gstatic.com/firebasejs/12.4.0/firebase-database.js","data-connect":"https://www.gstatic.com/firebasejs/12.4.0/firebase-data-connect.js","firestore.memory":"https://www.gstatic.com/firebasejs/12.4.0/firebase-firestore.memory.js"}}
[info] +  Wrote public/index.html 
[info] 
[info] i  Didn't detect a .git folder. Assuming C:\Users\krisb\Desktop\betting game is the project root. 
[info] i  Authorizing with GitHub to upload your service account to a GitHub repository's secrets store. 
[info] 
[info] Visit this URL on this device to log in:
[info] https://github.com/login/oauth/authorize?client_id=89cf50f02ac6aaed3484&state=65965537&redirect_uri=http%3A%2F%2Flocalhost%3A9005&scope=read%3Auser%20repo%20public_repo
[info] 
[info] Waiting for authentication...
[debug] [2025-10-22T18:00:36.804Z] >>> [apiv2][query] POST https://github.com/login/oauth/access_token [none]
[debug] [2025-10-22T18:00:36.804Z] >>> [apiv2][body] POST https://github.com/login/oauth/access_token [stream]
[debug] [2025-10-22T18:00:37.560Z] <<< [apiv2][status] POST https://github.com/login/oauth/access_token 200
[debug] [2025-10-22T18:00:37.560Z] <<< [apiv2][body] POST https://github.com/login/oauth/access_token {"access_token":"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","token_type":"bearer","scope":"read:user,repo"}
[debug] [2025-10-22T18:00:37.588Z] >>> [apiv2][query] GET https://api.github.com/user [none]
[debug] [2025-10-22T18:00:38.263Z] <<< [apiv2][status] GET https://api.github.com/user 200
[debug] [2025-10-22T18:00:38.264Z] <<< [apiv2][body] GET https://api.github.com/user {"login":"gama494","id":148079441,"node_id":"U_kgDOCNODUQ","avatar_url":"https://avatars.githubusercontent.com/u/148079441?v=4","gravatar_id":"","url":"https://api.github.com/users/gama494","html_url":"https://github.com/gama494","followers_url":"https://api.github.com/users/gama494/followers","following_url":"https://api.github.com/users/gama494/following{/other_user}","gists_url":"https://api.github.com/users/gama494/gists{/gist_id}","starred_url":"https://api.github.com/users/gama494/starred{/owner}{/repo}","subscriptions_url":"https://api.github.com/users/gama494/subscriptions","organizations_url":"https://api.github.com/users/gama494/orgs","repos_url":"https://api.github.com/users/gama494/repos","events_url":"https://api.github.com/users/gama494/events{/privacy}","received_events_url":"https://api.github.com/users/gama494/received_events","type":"User","user_view_type":"private","site_admin":false,"name":null,"company":null,"blog":"","location":null,"email":null,"hireable":null,"bio":null,"twitter_username":null,"notification_email":null,"public_repos":14,"public_gists":0,"followers":0,"following":0,"created_at":"2023-10-16T13:40:10Z","updated_at":"2025-10-19T13:09:30Z","private_gists":0,"total_private_repos":13,"owned_private_repos":13,"disk_usage":236058,"collaborators":0,"two_factor_authentication":false,"plan":{"name":"free","space":976562499,"collaborators":0,"private_repos":10000}}
[info] 
[info] +  Success! Logged into GitHub as gama494 
[info] 
